<?xml version="1.0" encoding="UTF-8"?>
<!-- Generated by org.testng.reporters.JUnitReportReporter -->
<testsuite hostname="DESKTOP-00MLSTM" failures="0" tests="1" name="TestCases.Tc_01RegistrationPage" time="3.354" errors="0" timestamp="2024-11-08T14:10:48 IST" skipped="0">
  <testcase classname="TestCases.Tc_01RegistrationPage" name="verify_registrationPage" time="3.354"/>
</testsuite> <!-- TestCases.Tc_01RegistrationPage -->
