<?xml version="1.0" encoding="UTF-8"?>
<!-- Generated by org.testng.reporters.JUnitReportReporter -->
<testsuite hostname="DESKTOP-00MLSTM" failures="0" tests="1" name="TestCases.CheckTest" time="9.878" errors="0" timestamp="2024-11-11T10:39:46 IST" skipped="0">
  <testcase classname="TestCases.CheckTest" name="readData" time="9.878"/>
</testsuite> <!-- TestCases.CheckTest -->
